[info] Log at : 2025/4/1|10:30:20|GMT+0800

[Warn] 发现无效的文件组，Group: Doc
[Warn] 发现无效的文件组，Group: ::CMSIS
[Warn] 发现无效的文件组，Group: Doc
[Warn] 发现无效的文件组，Group: ::CMSIS
[Warn] 发现无效的文件组，Group: Doc
[Warn] 发现无效的文件组，Group: ::CMSIS
[Warn] 发现无效的文件组，Group: Doc
[Warn] 发现无效的文件组，Group: ::CMSIS
[Warn] 发现无效的文件组，Group: Doc
[Warn] 发现无效的文件组，Group: ::CMSIS
[Warn] 发现无效的文件组，Group: Doc
[Warn] 发现无效的文件组，Group: ::CMSIS
[Warn] 发现无效的文件组，Group: Doc
[Warn] 发现无效的文件组，Group: ::CMSIS
[Warn] 发现无效的文件组，Group: Doc
[Warn] 发现无效的文件组，Group: ::CMSIS
[Warn] 发现无效的文件组，Group: Doc
[Warn] 发现无效的文件组，Group: ::CMSIS
[Warn] 发现无效的文件组，Group: Doc
[Warn] 发现无效的文件组，Group: ::CMSIS
[Warn] 发现无效的文件组，Group: Doc
[Warn] 发现无效的文件组，Group: ::CMSIS
[Warn] 发现无效的文件组，Group: Doc
[Warn] 发现无效的文件组，Group: ::CMSIS
[Warn] 发现无效的文件组，Group: Doc
[Warn] 发现无效的文件组，Group: ::CMSIS
[Warn] 发现无效的文件组，Group: Doc
[Warn] 发现无效的文件组，Group: ::CMSIS
[Warn] 发现无效的文件组，Group: Doc
[Warn] 发现无效的文件组，Group: ::CMSIS
[info] Log at : 2025/4/2|11:40:31|GMT+0800

[Warn] 发现无效的文件组，Group: Doc
[Warn] 发现无效的文件组，Group: ::CMSIS
[info] Log at : 2025/4/2|13:58:00|GMT+0800

[Warn] 发现无效的文件组，Group: Doc
[Warn] 发现无效的文件组，Group: ::CMSIS
[info] Log at : 2025/4/9|16:10:27|GMT+0800

[Warn] 发现无效的文件组，Group: Bsp
[Warn] 发现无效的文件组，Group: Doc
[Warn] 发现无效的文件组，Group: ::CMSIS
[info] Log at : 2025/4/9|16:15:57|GMT+0800

[Warn] 发现无效的文件组，Group: Bsp
[Warn] 发现无效的文件组，Group: Doc
[Warn] 发现无效的文件组，Group: ::CMSIS
[Warn] 发现无效的文件组，Group: Bsp
[Warn] 发现无效的文件组，Group: Doc
[Warn] 发现无效的文件组，Group: ::CMSIS
[Warn] 发现无效的文件组，Group: Doc
[Warn] 发现无效的文件组，Group: ::CMSIS
[info] Log at : 2025/4/9|16:43:20|GMT+0800

[Warn] 发现无效的文件组，Group: Doc
[Warn] 发现无效的文件组，Group: ::CMSIS
[Warn] 发现无效的文件组，Group: ::Compiler
[Warn] 发现无效的文件组，Group: ::CMSIS
[Warn] 发现无效的文件组，Group: ::Compiler
[info] Log at : 2025/4/10|09:05:32|GMT+0800

[Warn] 发现无效的文件组，Group: ::CMSIS
[Warn] 发现无效的文件组，Group: ::Compiler
[Warn] 发现无效的文件组，Group: ::CMSIS
[Warn] 发现无效的文件组，Group: ::Compiler
[Warn] 发现无效的文件组，Group: ::CMSIS
[Warn] 发现无效的文件组，Group: ::Compiler
[Warn] 发现无效的文件组，Group: ::CMSIS
[Warn] 发现无效的文件组，Group: ::Compiler
[Warn] 发现无效的文件组，Group: ::CMSIS
[Warn] 发现无效的文件组，Group: ::Compiler
[Warn] 发现无效的文件组，Group: ::CMSIS
[Warn] 发现无效的文件组，Group: ::Compiler
[info] Log at : 2025/4/12|12:35:11|GMT+0800

[Warn] 发现无效的文件组，Group: ::CMSIS
[Warn] 发现无效的文件组，Group: ::Compiler
[info] Log at : 2025/4/16|10:44:16|GMT+0800

[Warn] 发现无效的文件组，Group: ::CMSIS
[Warn] 发现无效的文件组，Group: ::Compiler
[info] Log at : 2025/4/16|11:21:49|GMT+0800

[Warn] 发现无效的文件组，Group: ::CMSIS
[Warn] 发现无效的文件组，Group: ::Compiler
[info] Log at : 2025/4/17|10:51:21|GMT+0800

[Warn] 发现无效的文件组，Group: ::CMSIS
[Warn] 发现无效的文件组，Group: ::Compiler
[info] Log at : 2025/4/18|10:10:02|GMT+0800

[Warn] 发现无效的文件组，Group: ::CMSIS
[Warn] 发现无效的文件组，Group: ::Compiler
[info] Log at : 2025/4/25|11:44:52|GMT+0800

[Warn] 发现无效的文件组，Group: ::CMSIS
[Warn] 发现无效的文件组，Group: ::Compiler
